debug: Sat, 08 May 2021 08:43:01 GMT
debug: Project: D:\Deferred_RenderPipeline\sponza-showcase
debug: Targets: editor,preview
debug: Incremental file seems great.
debug: Engine path: D:\editor-3d\resources\3d\engine
debug: Initializing target [Editor]
debug: Loading cache
debug: Loading cache costs 2.682099997997284ms.
debug: Engine features shipped in editor: base,gfx-webgl,gfx-webgl2,3d,2d,ui,particle,particle-2d,physics-framework,physics-2d-framework,intersection-2d,primitive,profiler,audio,video,terrain,webview,tween,tiled-map,spine,dragon-bones
debug: Initializing target [Preview]
debug: Loading cache
debug: Loading cache costs 2.4421999901533127ms.
debug: Sync engine features: base,gfx-webgl,gfx-webgl2,3d,2d,ui,particle,physics-ammo,physics-2d-box2d,intersection-2d,primitive,profiler,particle-2d,audio,video,webview,tween,terrain,tiled-map,spine,dragon-bones
debug: Pulling asset-db.
debug: Fetch asset-db cost: 57.511500999331474ms.
debug: Build iteration starts.
Number of accumulated asset changes: 32
Feature changed: false
debug: Target(editor) build started.
debug: Detected change: cce:/internal/x/cc. Last mtime: Thu Jan 01 1970 08:00:07 GMT+0800 (中国标准时间), Current mtime: Thu Jan 01 1970 08:00:07 GMT+0800 (中国标准时间)
debug: Inspect cce:/internal/x/cc
debug: Resolve cce:/internal/x/cc-fu/base from cce:/internal/x/cc as external dependency cce:/internal/x/cc-fu/base.
debug: Resolve cce:/internal/x/cc-fu/gfx-webgl from cce:/internal/x/cc as external dependency cce:/internal/x/cc-fu/gfx-webgl.
debug: Resolve cce:/internal/x/cc-fu/gfx-webgl2 from cce:/internal/x/cc as external dependency cce:/internal/x/cc-fu/gfx-webgl2.
debug: Resolve cce:/internal/x/cc-fu/3d from cce:/internal/x/cc as external dependency cce:/internal/x/cc-fu/3d.
debug: Resolve cce:/internal/x/cc-fu/2d from cce:/internal/x/cc as external dependency cce:/internal/x/cc-fu/2d.
debug: Resolve cce:/internal/x/cc-fu/ui from cce:/internal/x/cc as external dependency cce:/internal/x/cc-fu/ui.
debug: Resolve cce:/internal/x/cc-fu/particle from cce:/internal/x/cc as external dependency cce:/internal/x/cc-fu/particle.
debug: Resolve cce:/internal/x/cc-fu/particle-2d from cce:/internal/x/cc as external dependency cce:/internal/x/cc-fu/particle-2d.
debug: Resolve cce:/internal/x/cc-fu/physics-framework from cce:/internal/x/cc as external dependency cce:/internal/x/cc-fu/physics-framework.
debug: Resolve cce:/internal/x/cc-fu/physics-2d-framework from cce:/internal/x/cc as external dependency cce:/internal/x/cc-fu/physics-2d-framework.
debug: Resolve cce:/internal/x/cc-fu/intersection-2d from cce:/internal/x/cc as external dependency cce:/internal/x/cc-fu/intersection-2d.
debug: Resolve cce:/internal/x/cc-fu/primitive from cce:/internal/x/cc as external dependency cce:/internal/x/cc-fu/primitive.
debug: Resolve cce:/internal/x/cc-fu/profiler from cce:/internal/x/cc as external dependency cce:/internal/x/cc-fu/profiler.
debug: Resolve cce:/internal/x/cc-fu/audio from cce:/internal/x/cc as external dependency cce:/internal/x/cc-fu/audio.
debug: Resolve cce:/internal/x/cc-fu/video from cce:/internal/x/cc as external dependency cce:/internal/x/cc-fu/video.
debug: Resolve cce:/internal/x/cc-fu/terrain from cce:/internal/x/cc as external dependency cce:/internal/x/cc-fu/terrain.
debug: Resolve cce:/internal/x/cc-fu/webview from cce:/internal/x/cc as external dependency cce:/internal/x/cc-fu/webview.
debug: Resolve cce:/internal/x/cc-fu/tween from cce:/internal/x/cc as external dependency cce:/internal/x/cc-fu/tween.
debug: Resolve cce:/internal/x/cc-fu/tiled-map from cce:/internal/x/cc as external dependency cce:/internal/x/cc-fu/tiled-map.
debug: Resolve cce:/internal/x/cc-fu/spine from cce:/internal/x/cc as external dependency cce:/internal/x/cc-fu/spine.
debug: Resolve cce:/internal/x/cc-fu/dragon-bones from cce:/internal/x/cc as external dependency cce:/internal/x/cc-fu/dragon-bones.
debug: Detected change: cce:/internal/x/prerequisite-imports. Last mtime: Thu Jan 01 1970 08:00:12 GMT+0800 (中国标准时间), Current mtime: Thu Jan 01 1970 08:00:16 GMT+0800 (中国标准时间)
debug: Inspect cce:/internal/x/prerequisite-imports
debug: Resolve file:///D:/Deferred_RenderPipeline/sponza-showcase/assets/migrate-canvas.ts from cce:/internal/x/prerequisite-imports as file:///D:/Deferred_RenderPipeline/sponza-showcase/assets/migrate-canvas.ts.
debug: Resolve file:///D:/Deferred_RenderPipeline/sponza-showcase/assets/prefabs/light-hint/light-hint.ts from cce:/internal/x/prerequisite-imports as file:///D:/Deferred_RenderPipeline/sponza-showcase/assets/prefabs/light-hint/light-hint.ts.
debug: Resolve file:///D:/Deferred_RenderPipeline/sponza-showcase/assets/prefabs/pre-filter-envmap/pre-filter-envmap.ts from cce:/internal/x/prerequisite-imports as file:///D:/Deferred_RenderPipeline/sponza-showcase/assets/prefabs/pre-filter-envmap/pre-filter-envmap.ts.
debug: Resolve file:///D:/Deferred_RenderPipeline/sponza-showcase/assets/scripts/ad-hoc/debug-info.ts from cce:/internal/x/prerequisite-imports as file:///D:/Deferred_RenderPipeline/sponza-showcase/assets/scripts/ad-hoc/debug-info.ts.
debug: Resolve file:///D:/Deferred_RenderPipeline/sponza-showcase/assets/scripts/ad-hoc/exposure.ts from cce:/internal/x/prerequisite-imports as file:///D:/Deferred_RenderPipeline/sponza-showcase/assets/scripts/ad-hoc/exposure.ts.
debug: Resolve file:///D:/Deferred_RenderPipeline/sponza-showcase/assets/scripts/ad-hoc/instanced-skinning.ts from cce:/internal/x/prerequisite-imports as file:///D:/Deferred_RenderPipeline/sponza-showcase/assets/scripts/ad-hoc/instanced-skinning.ts.
debug: Resolve file:///D:/Deferred_RenderPipeline/sponza-showcase/assets/scripts/ad-hoc/sponza.ts from cce:/internal/x/prerequisite-imports as file:///D:/Deferred_RenderPipeline/sponza-showcase/assets/scripts/ad-hoc/sponza.ts.
debug: Resolve file:///D:/Deferred_RenderPipeline/sponza-showcase/assets/scripts/ad-hoc/toggler.ts from cce:/internal/x/prerequisite-imports as file:///D:/Deferred_RenderPipeline/sponza-showcase/assets/scripts/ad-hoc/toggler.ts.
debug: Resolve file:///D:/Deferred_RenderPipeline/sponza-showcase/assets/scripts/audio/audio-controller.ts from cce:/internal/x/prerequisite-imports as file:///D:/Deferred_RenderPipeline/sponza-showcase/assets/scripts/audio/audio-controller.ts.
debug: Resolve file:///D:/Deferred_RenderPipeline/sponza-showcase/assets/scripts/audio/audio.ts from cce:/internal/x/prerequisite-imports as file:///D:/Deferred_RenderPipeline/sponza-showcase/assets/scripts/audio/audio.ts.
debug: Resolve file:///D:/Deferred_RenderPipeline/sponza-showcase/assets/scripts/collision-detection/emitter.ts from cce:/internal/x/prerequisite-imports as file:///D:/Deferred_RenderPipeline/sponza-showcase/assets/scripts/collision-detection/emitter.ts.
debug: Resolve file:///D:/Deferred_RenderPipeline/sponza-showcase/assets/scripts/collision-detection/engine-info.ts from cce:/internal/x/prerequisite-imports as file:///D:/Deferred_RenderPipeline/sponza-showcase/assets/scripts/collision-detection/engine-info.ts.
debug: Resolve file:///D:/Deferred_RenderPipeline/sponza-showcase/assets/scripts/custom-effect/tunnel.ts from cce:/internal/x/prerequisite-imports as file:///D:/Deferred_RenderPipeline/sponza-showcase/assets/scripts/custom-effect/tunnel.ts.
debug: Resolve file:///D:/Deferred_RenderPipeline/sponza-showcase/assets/scripts/first-person-camera.ts from cce:/internal/x/prerequisite-imports as file:///D:/Deferred_RenderPipeline/sponza-showcase/assets/scripts/first-person-camera.ts.
debug: Resolve file:///D:/Deferred_RenderPipeline/sponza-showcase/assets/scripts/jellyfish/jellyfish.ts from cce:/internal/x/prerequisite-imports as file:///D:/Deferred_RenderPipeline/sponza-showcase/assets/scripts/jellyfish/jellyfish.ts.
debug: Resolve file:///D:/Deferred_RenderPipeline/sponza-showcase/assets/scripts/jellyfish/spawn.ts from cce:/internal/x/prerequisite-imports as file:///D:/Deferred_RenderPipeline/sponza-showcase/assets/scripts/jellyfish/spawn.ts.
debug: Resolve file:///D:/Deferred_RenderPipeline/sponza-showcase/assets/scripts/pbr/geometries.ts from cce:/internal/x/prerequisite-imports as file:///D:/Deferred_RenderPipeline/sponza-showcase/assets/scripts/pbr/geometries.ts.
debug: Resolve file:///D:/Deferred_RenderPipeline/sponza-showcase/assets/scripts/physics-checker/PhysicsEnvCheck.ts from cce:/internal/x/prerequisite-imports as file:///D:/Deferred_RenderPipeline/sponza-showcase/assets/scripts/physics-checker/PhysicsEnvCheck.ts.
debug: Resolve file:///D:/Deferred_RenderPipeline/sponza-showcase/assets/scripts/physics/collider-manager.ts from cce:/internal/x/prerequisite-imports as file:///D:/Deferred_RenderPipeline/sponza-showcase/assets/scripts/physics/collider-manager.ts.
debug: Resolve file:///D:/Deferred_RenderPipeline/sponza-showcase/assets/scripts/physics/collider.ts from cce:/internal/x/prerequisite-imports as file:///D:/Deferred_RenderPipeline/sponza-showcase/assets/scripts/physics/collider.ts.
debug: Resolve file:///D:/Deferred_RenderPipeline/sponza-showcase/assets/scripts/physics/ground.ts from cce:/internal/x/prerequisite-imports as file:///D:/Deferred_RenderPipeline/sponza-showcase/assets/scripts/physics/ground.ts.
debug: Resolve file:///D:/Deferred_RenderPipeline/sponza-showcase/assets/scripts/skill-effect/BladeStorm.ts from cce:/internal/x/prerequisite-imports as file:///D:/Deferred_RenderPipeline/sponza-showcase/assets/scripts/skill-effect/BladeStorm.ts.
debug: Resolve file:///D:/Deferred_RenderPipeline/sponza-showcase/assets/scripts/skill-effect/healspell.ts from cce:/internal/x/prerequisite-imports as file:///D:/Deferred_RenderPipeline/sponza-showcase/assets/scripts/skill-effect/healspell.ts.
debug: Resolve file:///D:/Deferred_RenderPipeline/sponza-showcase/assets/scripts/skill-effect/self-destory.ts from cce:/internal/x/prerequisite-imports as file:///D:/Deferred_RenderPipeline/sponza-showcase/assets/scripts/skill-effect/self-destory.ts.
debug: Resolve file:///D:/Deferred_RenderPipeline/sponza-showcase/assets/scripts/skin/SSS.ts from cce:/internal/x/prerequisite-imports as file:///D:/Deferred_RenderPipeline/sponza-showcase/assets/scripts/skin/SSS.ts.
debug: Resolve file:///D:/Deferred_RenderPipeline/sponza-showcase/assets/scripts/skin/label-modifier.ts from cce:/internal/x/prerequisite-imports as file:///D:/Deferred_RenderPipeline/sponza-showcase/assets/scripts/skin/label-modifier.ts.
debug: Resolve file:///D:/Deferred_RenderPipeline/sponza-showcase/assets/scripts/skin/rotor.ts from cce:/internal/x/prerequisite-imports as file:///D:/Deferred_RenderPipeline/sponza-showcase/assets/scripts/skin/rotor.ts.
debug: Resolve file:///D:/Deferred_RenderPipeline/sponza-showcase/assets/scripts/tangent-visualizer.ts from cce:/internal/x/prerequisite-imports as file:///D:/Deferred_RenderPipeline/sponza-showcase/assets/scripts/tangent-visualizer.ts.
debug: Resolve file:///D:/Deferred_RenderPipeline/sponza-showcase/assets/scripts/testlist/backbutton.ts from cce:/internal/x/prerequisite-imports as file:///D:/Deferred_RenderPipeline/sponza-showcase/assets/scripts/testlist/backbutton.ts.
debug: Resolve file:///D:/Deferred_RenderPipeline/sponza-showcase/assets/scripts/testlist/listitem.ts from cce:/internal/x/prerequisite-imports as file:///D:/Deferred_RenderPipeline/sponza-showcase/assets/scripts/testlist/listitem.ts.
debug: Resolve file:///D:/Deferred_RenderPipeline/sponza-showcase/assets/scripts/testlist/scenelist.ts from cce:/internal/x/prerequisite-imports as file:///D:/Deferred_RenderPipeline/sponza-showcase/assets/scripts/testlist/scenelist.ts.
debug: Resolve file:///D:/Deferred_RenderPipeline/sponza-showcase/assets/scripts/unlit-quad.ts from cce:/internal/x/prerequisite-imports as file:///D:/Deferred_RenderPipeline/sponza-showcase/assets/scripts/unlit-quad.ts.
debug: Inspect file:///D:/Deferred_RenderPipeline/sponza-showcase/assets/migrate-canvas.ts
debug: Inspect file:///D:/Deferred_RenderPipeline/sponza-showcase/assets/prefabs/light-hint/light-hint.ts
debug: Inspect file:///D:/Deferred_RenderPipeline/sponza-showcase/assets/prefabs/pre-filter-envmap/pre-filter-envmap.ts
debug: Inspect file:///D:/Deferred_RenderPipeline/sponza-showcase/assets/scripts/ad-hoc/debug-info.ts
debug: Inspect file:///D:/Deferred_RenderPipeline/sponza-showcase/assets/scripts/ad-hoc/exposure.ts
debug: Inspect file:///D:/Deferred_RenderPipeline/sponza-showcase/assets/scripts/ad-hoc/instanced-skinning.ts
debug: Inspect file:///D:/Deferred_RenderPipeline/sponza-showcase/assets/scripts/ad-hoc/sponza.ts
debug: Inspect file:///D:/Deferred_RenderPipeline/sponza-showcase/assets/scripts/ad-hoc/toggler.ts
debug: Inspect file:///D:/Deferred_RenderPipeline/sponza-showcase/assets/scripts/audio/audio-controller.ts
debug: Inspect file:///D:/Deferred_RenderPipeline/sponza-showcase/assets/scripts/audio/audio.ts
debug: Inspect file:///D:/Deferred_RenderPipeline/sponza-showcase/assets/scripts/collision-detection/emitter.ts
debug: Inspect file:///D:/Deferred_RenderPipeline/sponza-showcase/assets/scripts/collision-detection/engine-info.ts
debug: Inspect file:///D:/Deferred_RenderPipeline/sponza-showcase/assets/scripts/custom-effect/tunnel.ts
debug: Inspect file:///D:/Deferred_RenderPipeline/sponza-showcase/assets/scripts/first-person-camera.ts
debug: Inspect file:///D:/Deferred_RenderPipeline/sponza-showcase/assets/scripts/jellyfish/jellyfish.ts
debug: Inspect file:///D:/Deferred_RenderPipeline/sponza-showcase/assets/scripts/jellyfish/spawn.ts
debug: Inspect file:///D:/Deferred_RenderPipeline/sponza-showcase/assets/scripts/pbr/geometries.ts
debug: Inspect file:///D:/Deferred_RenderPipeline/sponza-showcase/assets/scripts/physics-checker/PhysicsEnvCheck.ts
debug: Inspect file:///D:/Deferred_RenderPipeline/sponza-showcase/assets/scripts/physics/collider-manager.ts
debug: Inspect file:///D:/Deferred_RenderPipeline/sponza-showcase/assets/scripts/physics/collider.ts
debug: Inspect file:///D:/Deferred_RenderPipeline/sponza-showcase/assets/scripts/physics/ground.ts
debug: Inspect file:///D:/Deferred_RenderPipeline/sponza-showcase/assets/scripts/skill-effect/BladeStorm.ts
debug: Inspect file:///D:/Deferred_RenderPipeline/sponza-showcase/assets/scripts/skill-effect/healspell.ts
debug: Inspect file:///D:/Deferred_RenderPipeline/sponza-showcase/assets/scripts/skill-effect/self-destory.ts
debug: Inspect file:///D:/Deferred_RenderPipeline/sponza-showcase/assets/scripts/skin/SSS.ts
debug: Inspect file:///D:/Deferred_RenderPipeline/sponza-showcase/assets/scripts/skin/label-modifier.ts
debug: Inspect file:///D:/Deferred_RenderPipeline/sponza-showcase/assets/scripts/skin/rotor.ts
debug: Inspect file:///D:/Deferred_RenderPipeline/sponza-showcase/assets/scripts/tangent-visualizer.ts
debug: Inspect file:///D:/Deferred_RenderPipeline/sponza-showcase/assets/scripts/testlist/backbutton.ts
debug: Inspect file:///D:/Deferred_RenderPipeline/sponza-showcase/assets/scripts/testlist/listitem.ts
debug: Inspect file:///D:/Deferred_RenderPipeline/sponza-showcase/assets/scripts/testlist/scenelist.ts
debug: Inspect file:///D:/Deferred_RenderPipeline/sponza-showcase/assets/scripts/unlit-quad.ts
debug: Resolve cc from file:///D:/Deferred_RenderPipeline/sponza-showcase/assets/prefabs/light-hint/light-hint.ts as cce:/internal/x/cc.
debug: Resolve cc from file:///D:/Deferred_RenderPipeline/sponza-showcase/assets/prefabs/light-hint/light-hint.ts as cce:/internal/x/cc.
debug: Resolve cc from file:///D:/Deferred_RenderPipeline/sponza-showcase/assets/prefabs/pre-filter-envmap/pre-filter-envmap.ts as cce:/internal/x/cc.
debug: Resolve cc from file:///D:/Deferred_RenderPipeline/sponza-showcase/assets/prefabs/pre-filter-envmap/pre-filter-envmap.ts as cce:/internal/x/cc.
debug: Resolve cc/env from file:///D:/Deferred_RenderPipeline/sponza-showcase/assets/migrate-canvas.ts as external dependency cc/env.
debug: Resolve cc from file:///D:/Deferred_RenderPipeline/sponza-showcase/assets/migrate-canvas.ts as cce:/internal/x/cc.
debug: Resolve cc from file:///D:/Deferred_RenderPipeline/sponza-showcase/assets/migrate-canvas.ts as cce:/internal/x/cc.
debug: Resolve cc from file:///D:/Deferred_RenderPipeline/sponza-showcase/assets/scripts/ad-hoc/debug-info.ts as cce:/internal/x/cc.
debug: Resolve cc from file:///D:/Deferred_RenderPipeline/sponza-showcase/assets/scripts/ad-hoc/debug-info.ts as cce:/internal/x/cc.
debug: Resolve cce:/internal/code-quality/cr.mjs from file:///D:/Deferred_RenderPipeline/sponza-showcase/assets/scripts/ad-hoc/instanced-skinning.ts as cce:/internal/code-quality/cr.mjs.
debug: Resolve cc from file:///D:/Deferred_RenderPipeline/sponza-showcase/assets/scripts/ad-hoc/instanced-skinning.ts as cce:/internal/x/cc.
debug: Resolve cc from file:///D:/Deferred_RenderPipeline/sponza-showcase/assets/scripts/ad-hoc/instanced-skinning.ts as cce:/internal/x/cc.
debug: Resolve cc from file:///D:/Deferred_RenderPipeline/sponza-showcase/assets/scripts/ad-hoc/exposure.ts as cce:/internal/x/cc.
debug: Resolve cc from file:///D:/Deferred_RenderPipeline/sponza-showcase/assets/scripts/ad-hoc/exposure.ts as cce:/internal/x/cc.
debug: Resolve cc from file:///D:/Deferred_RenderPipeline/sponza-showcase/assets/scripts/ad-hoc/toggler.ts as cce:/internal/x/cc.
debug: Resolve cc from file:///D:/Deferred_RenderPipeline/sponza-showcase/assets/scripts/ad-hoc/toggler.ts as cce:/internal/x/cc.
debug: Resolve cc from file:///D:/Deferred_RenderPipeline/sponza-showcase/assets/scripts/collision-detection/engine-info.ts as cce:/internal/x/cc.
debug: Resolve cc from file:///D:/Deferred_RenderPipeline/sponza-showcase/assets/scripts/collision-detection/engine-info.ts as cce:/internal/x/cc.
debug: Resolve cc from file:///D:/Deferred_RenderPipeline/sponza-showcase/assets/scripts/audio/audio-controller.ts as cce:/internal/x/cc.
debug: Resolve cc from file:///D:/Deferred_RenderPipeline/sponza-showcase/assets/scripts/audio/audio-controller.ts as cce:/internal/x/cc.
debug: Resolve cc from file:///D:/Deferred_RenderPipeline/sponza-showcase/assets/scripts/audio/audio.ts as cce:/internal/x/cc.
debug: Resolve cc from file:///D:/Deferred_RenderPipeline/sponza-showcase/assets/scripts/audio/audio.ts as cce:/internal/x/cc.
debug: Resolve cc from file:///D:/Deferred_RenderPipeline/sponza-showcase/assets/scripts/ad-hoc/sponza.ts as cce:/internal/x/cc.
debug: Resolve cc from file:///D:/Deferred_RenderPipeline/sponza-showcase/assets/scripts/ad-hoc/sponza.ts as cce:/internal/x/cc.
debug: Resolve cc from file:///D:/Deferred_RenderPipeline/sponza-showcase/assets/scripts/first-person-camera.ts as cce:/internal/x/cc.
debug: Resolve cc from file:///D:/Deferred_RenderPipeline/sponza-showcase/assets/scripts/first-person-camera.ts as cce:/internal/x/cc.
debug: Resolve cc from file:///D:/Deferred_RenderPipeline/sponza-showcase/assets/scripts/custom-effect/tunnel.ts as cce:/internal/x/cc.
debug: Resolve cc from file:///D:/Deferred_RenderPipeline/sponza-showcase/assets/scripts/custom-effect/tunnel.ts as cce:/internal/x/cc.
debug: Resolve cc from file:///D:/Deferred_RenderPipeline/sponza-showcase/assets/scripts/collision-detection/emitter.ts as cce:/internal/x/cc.
debug: Resolve cc from file:///D:/Deferred_RenderPipeline/sponza-showcase/assets/scripts/collision-detection/emitter.ts as cce:/internal/x/cc.
debug: Resolve cc from file:///D:/Deferred_RenderPipeline/sponza-showcase/assets/scripts/jellyfish/jellyfish.ts as cce:/internal/x/cc.
debug: Resolve cc from file:///D:/Deferred_RenderPipeline/sponza-showcase/assets/scripts/jellyfish/jellyfish.ts as cce:/internal/x/cc.
debug: Resolve cc from file:///D:/Deferred_RenderPipeline/sponza-showcase/assets/scripts/physics-checker/PhysicsEnvCheck.ts as cce:/internal/x/cc.
debug: Resolve cc from file:///D:/Deferred_RenderPipeline/sponza-showcase/assets/scripts/physics-checker/PhysicsEnvCheck.ts as cce:/internal/x/cc.
debug: Resolve cc from file:///D:/Deferred_RenderPipeline/sponza-showcase/assets/scripts/pbr/geometries.ts as cce:/internal/x/cc.
debug: Resolve cc from file:///D:/Deferred_RenderPipeline/sponza-showcase/assets/scripts/pbr/geometries.ts as cce:/internal/x/cc.
debug: Resolve cce:/internal/code-quality/cr.mjs from file:///D:/Deferred_RenderPipeline/sponza-showcase/assets/scripts/jellyfish/spawn.ts as cce:/internal/code-quality/cr.mjs.
debug: Resolve cc from file:///D:/Deferred_RenderPipeline/sponza-showcase/assets/scripts/jellyfish/spawn.ts as cce:/internal/x/cc.
debug: Resolve cc from file:///D:/Deferred_RenderPipeline/sponza-showcase/assets/scripts/jellyfish/spawn.ts as cce:/internal/x/cc.
debug: Resolve cc from file:///D:/Deferred_RenderPipeline/sponza-showcase/assets/scripts/physics/collider-manager.ts as cce:/internal/x/cc.
debug: Resolve cc from file:///D:/Deferred_RenderPipeline/sponza-showcase/assets/scripts/physics/collider-manager.ts as cce:/internal/x/cc.
debug: Resolve cc from file:///D:/Deferred_RenderPipeline/sponza-showcase/assets/scripts/physics/collider-manager.ts as cce:/internal/x/cc.
debug: Resolve cc from file:///D:/Deferred_RenderPipeline/sponza-showcase/assets/scripts/physics/collider.ts as cce:/internal/x/cc.
debug: Resolve cc from file:///D:/Deferred_RenderPipeline/sponza-showcase/assets/scripts/physics/collider.ts as cce:/internal/x/cc.
debug: Resolve cc from file:///D:/Deferred_RenderPipeline/sponza-showcase/assets/scripts/physics/ground.ts as cce:/internal/x/cc.
debug: Resolve cc from file:///D:/Deferred_RenderPipeline/sponza-showcase/assets/scripts/physics/ground.ts as cce:/internal/x/cc.
debug: Resolve cc from file:///D:/Deferred_RenderPipeline/sponza-showcase/assets/scripts/skin/SSS.ts as cce:/internal/x/cc.
debug: Resolve cc from file:///D:/Deferred_RenderPipeline/sponza-showcase/assets/scripts/skin/SSS.ts as cce:/internal/x/cc.
debug: Resolve cc from file:///D:/Deferred_RenderPipeline/sponza-showcase/assets/scripts/skill-effect/self-destory.ts as cce:/internal/x/cc.
debug: Resolve cc from file:///D:/Deferred_RenderPipeline/sponza-showcase/assets/scripts/skill-effect/self-destory.ts as cce:/internal/x/cc.
debug: Resolve cc from file:///D:/Deferred_RenderPipeline/sponza-showcase/assets/scripts/skill-effect/BladeStorm.ts as cce:/internal/x/cc.
debug: Resolve cc from file:///D:/Deferred_RenderPipeline/sponza-showcase/assets/scripts/skill-effect/BladeStorm.ts as cce:/internal/x/cc.
debug: Resolve cc from file:///D:/Deferred_RenderPipeline/sponza-showcase/assets/scripts/skin/label-modifier.ts as cce:/internal/x/cc.
debug: Resolve cc from file:///D:/Deferred_RenderPipeline/sponza-showcase/assets/scripts/skin/label-modifier.ts as cce:/internal/x/cc.
debug: Resolve cc from file:///D:/Deferred_RenderPipeline/sponza-showcase/assets/scripts/skin/rotor.ts as cce:/internal/x/cc.
debug: Resolve cc from file:///D:/Deferred_RenderPipeline/sponza-showcase/assets/scripts/skin/rotor.ts as cce:/internal/x/cc.
debug: Resolve cc from file:///D:/Deferred_RenderPipeline/sponza-showcase/assets/scripts/skill-effect/healspell.ts as cce:/internal/x/cc.
debug: Resolve cc from file:///D:/Deferred_RenderPipeline/sponza-showcase/assets/scripts/skill-effect/healspell.ts as cce:/internal/x/cc.
debug: Resolve cc from file:///D:/Deferred_RenderPipeline/sponza-showcase/assets/scripts/testlist/scenelist.ts as cce:/internal/x/cc.
debug: Resolve cc from file:///D:/Deferred_RenderPipeline/sponza-showcase/assets/scripts/testlist/scenelist.ts as cce:/internal/x/cc.
debug: Resolve cce:/internal/code-quality/cr.mjs from file:///D:/Deferred_RenderPipeline/sponza-showcase/assets/scripts/testlist/backbutton.ts as cce:/internal/code-quality/cr.mjs.
debug: Resolve cc from file:///D:/Deferred_RenderPipeline/sponza-showcase/assets/scripts/testlist/backbutton.ts as cce:/internal/x/cc.
debug: Resolve cc from file:///D:/Deferred_RenderPipeline/sponza-showcase/assets/scripts/testlist/backbutton.ts as cce:/internal/x/cc.
debug: Resolve cc from file:///D:/Deferred_RenderPipeline/sponza-showcase/assets/scripts/tangent-visualizer.ts as cce:/internal/x/cc.
debug: Resolve cc from file:///D:/Deferred_RenderPipeline/sponza-showcase/assets/scripts/tangent-visualizer.ts as cce:/internal/x/cc.
debug: Resolve cce:/internal/code-quality/cr.mjs from file:///D:/Deferred_RenderPipeline/sponza-showcase/assets/scripts/testlist/listitem.ts as cce:/internal/code-quality/cr.mjs.
debug: Resolve cc from file:///D:/Deferred_RenderPipeline/sponza-showcase/assets/scripts/testlist/listitem.ts as cce:/internal/x/cc.
debug: Resolve cc from file:///D:/Deferred_RenderPipeline/sponza-showcase/assets/scripts/testlist/listitem.ts as cce:/internal/x/cc.
debug: Resolve cc from file:///D:/Deferred_RenderPipeline/sponza-showcase/assets/scripts/unlit-quad.ts as cce:/internal/x/cc.
debug: Resolve cc from file:///D:/Deferred_RenderPipeline/sponza-showcase/assets/scripts/unlit-quad.ts as cce:/internal/x/cc.
debug: Resolve ../unlit-quad from file:///D:/Deferred_RenderPipeline/sponza-showcase/assets/scripts/ad-hoc/instanced-skinning.ts as file:///D:/Deferred_RenderPipeline/sponza-showcase/assets/scripts/unlit-quad.ts.
debug: Resolve ./jellyfish from file:///D:/Deferred_RenderPipeline/sponza-showcase/assets/scripts/jellyfish/spawn.ts as file:///D:/Deferred_RenderPipeline/sponza-showcase/assets/scripts/jellyfish/jellyfish.ts.
debug: Resolve ./scenelist from file:///D:/Deferred_RenderPipeline/sponza-showcase/assets/scripts/testlist/backbutton.ts as file:///D:/Deferred_RenderPipeline/sponza-showcase/assets/scripts/testlist/scenelist.ts.
debug: Resolve ./backbutton from file:///D:/Deferred_RenderPipeline/sponza-showcase/assets/scripts/testlist/listitem.ts as file:///D:/Deferred_RenderPipeline/sponza-showcase/assets/scripts/testlist/backbutton.ts.
debug: Resolve ./scenelist from file:///D:/Deferred_RenderPipeline/sponza-showcase/assets/scripts/testlist/listitem.ts as file:///D:/Deferred_RenderPipeline/sponza-showcase/assets/scripts/testlist/scenelist.ts.
debug: Target(editor) ends with cost 1284.7362989932299ms.
debug: Target(preview) build started.
debug: Detected change: cce:/internal/x/cc. Last mtime: Thu Jan 01 1970 08:00:07 GMT+0800 (中国标准时间), Current mtime: Thu Jan 01 1970 08:00:07 GMT+0800 (中国标准时间)
debug: Inspect cce:/internal/x/cc
debug: Resolve cce:/internal/x/cc-fu/base from cce:/internal/x/cc as external dependency cce:/internal/x/cc-fu/base.
debug: Resolve cce:/internal/x/cc-fu/gfx-webgl from cce:/internal/x/cc as external dependency cce:/internal/x/cc-fu/gfx-webgl.
debug: Resolve cce:/internal/x/cc-fu/gfx-webgl2 from cce:/internal/x/cc as external dependency cce:/internal/x/cc-fu/gfx-webgl2.
debug: Resolve cce:/internal/x/cc-fu/3d from cce:/internal/x/cc as external dependency cce:/internal/x/cc-fu/3d.
debug: Resolve cce:/internal/x/cc-fu/2d from cce:/internal/x/cc as external dependency cce:/internal/x/cc-fu/2d.
debug: Resolve cce:/internal/x/cc-fu/ui from cce:/internal/x/cc as external dependency cce:/internal/x/cc-fu/ui.
debug: Resolve cce:/internal/x/cc-fu/particle from cce:/internal/x/cc as external dependency cce:/internal/x/cc-fu/particle.
debug: Resolve cce:/internal/x/cc-fu/physics-ammo from cce:/internal/x/cc as external dependency cce:/internal/x/cc-fu/physics-ammo.
debug: Resolve cce:/internal/x/cc-fu/physics-framework from cce:/internal/x/cc as external dependency cce:/internal/x/cc-fu/physics-framework.
debug: Resolve cce:/internal/x/cc-fu/wait-for-ammo-instantiation from cce:/internal/x/cc as external dependency cce:/internal/x/cc-fu/wait-for-ammo-instantiation.
debug: Resolve cce:/internal/x/cc-fu/physics-2d-box2d from cce:/internal/x/cc as external dependency cce:/internal/x/cc-fu/physics-2d-box2d.
debug: Resolve cce:/internal/x/cc-fu/physics-2d-framework from cce:/internal/x/cc as external dependency cce:/internal/x/cc-fu/physics-2d-framework.
debug: Resolve cce:/internal/x/cc-fu/intersection-2d from cce:/internal/x/cc as external dependency cce:/internal/x/cc-fu/intersection-2d.
debug: Resolve cce:/internal/x/cc-fu/primitive from cce:/internal/x/cc as external dependency cce:/internal/x/cc-fu/primitive.
debug: Resolve cce:/internal/x/cc-fu/profiler from cce:/internal/x/cc as external dependency cce:/internal/x/cc-fu/profiler.
debug: Resolve cce:/internal/x/cc-fu/particle-2d from cce:/internal/x/cc as external dependency cce:/internal/x/cc-fu/particle-2d.
debug: Resolve cce:/internal/x/cc-fu/audio from cce:/internal/x/cc as external dependency cce:/internal/x/cc-fu/audio.
debug: Resolve cce:/internal/x/cc-fu/video from cce:/internal/x/cc as external dependency cce:/internal/x/cc-fu/video.
debug: Resolve cce:/internal/x/cc-fu/webview from cce:/internal/x/cc as external dependency cce:/internal/x/cc-fu/webview.
debug: Resolve cce:/internal/x/cc-fu/tween from cce:/internal/x/cc as external dependency cce:/internal/x/cc-fu/tween.
debug: Resolve cce:/internal/x/cc-fu/terrain from cce:/internal/x/cc as external dependency cce:/internal/x/cc-fu/terrain.
debug: Resolve cce:/internal/x/cc-fu/tiled-map from cce:/internal/x/cc as external dependency cce:/internal/x/cc-fu/tiled-map.
debug: Resolve cce:/internal/x/cc-fu/spine from cce:/internal/x/cc as external dependency cce:/internal/x/cc-fu/spine.
debug: Resolve cce:/internal/x/cc-fu/dragon-bones from cce:/internal/x/cc as external dependency cce:/internal/x/cc-fu/dragon-bones.
debug: Detected change: cce:/internal/x/prerequisite-imports. Last mtime: Thu Jan 01 1970 08:00:13 GMT+0800 (中国标准时间), Current mtime: Thu Jan 01 1970 08:00:17 GMT+0800 (中国标准时间)
debug: Inspect cce:/internal/x/prerequisite-imports
debug: Resolve file:///D:/Deferred_RenderPipeline/sponza-showcase/assets/migrate-canvas.ts from cce:/internal/x/prerequisite-imports as file:///D:/Deferred_RenderPipeline/sponza-showcase/assets/migrate-canvas.ts.
debug: Resolve file:///D:/Deferred_RenderPipeline/sponza-showcase/assets/prefabs/light-hint/light-hint.ts from cce:/internal/x/prerequisite-imports as file:///D:/Deferred_RenderPipeline/sponza-showcase/assets/prefabs/light-hint/light-hint.ts.
debug: Resolve file:///D:/Deferred_RenderPipeline/sponza-showcase/assets/prefabs/pre-filter-envmap/pre-filter-envmap.ts from cce:/internal/x/prerequisite-imports as file:///D:/Deferred_RenderPipeline/sponza-showcase/assets/prefabs/pre-filter-envmap/pre-filter-envmap.ts.
debug: Resolve file:///D:/Deferred_RenderPipeline/sponza-showcase/assets/scripts/ad-hoc/debug-info.ts from cce:/internal/x/prerequisite-imports as file:///D:/Deferred_RenderPipeline/sponza-showcase/assets/scripts/ad-hoc/debug-info.ts.
debug: Resolve file:///D:/Deferred_RenderPipeline/sponza-showcase/assets/scripts/ad-hoc/exposure.ts from cce:/internal/x/prerequisite-imports as file:///D:/Deferred_RenderPipeline/sponza-showcase/assets/scripts/ad-hoc/exposure.ts.
debug: Resolve file:///D:/Deferred_RenderPipeline/sponza-showcase/assets/scripts/ad-hoc/instanced-skinning.ts from cce:/internal/x/prerequisite-imports as file:///D:/Deferred_RenderPipeline/sponza-showcase/assets/scripts/ad-hoc/instanced-skinning.ts.
debug: Resolve file:///D:/Deferred_RenderPipeline/sponza-showcase/assets/scripts/ad-hoc/sponza.ts from cce:/internal/x/prerequisite-imports as file:///D:/Deferred_RenderPipeline/sponza-showcase/assets/scripts/ad-hoc/sponza.ts.
debug: Resolve file:///D:/Deferred_RenderPipeline/sponza-showcase/assets/scripts/ad-hoc/toggler.ts from cce:/internal/x/prerequisite-imports as file:///D:/Deferred_RenderPipeline/sponza-showcase/assets/scripts/ad-hoc/toggler.ts.
debug: Resolve file:///D:/Deferred_RenderPipeline/sponza-showcase/assets/scripts/audio/audio-controller.ts from cce:/internal/x/prerequisite-imports as file:///D:/Deferred_RenderPipeline/sponza-showcase/assets/scripts/audio/audio-controller.ts.
debug: Resolve file:///D:/Deferred_RenderPipeline/sponza-showcase/assets/scripts/audio/audio.ts from cce:/internal/x/prerequisite-imports as file:///D:/Deferred_RenderPipeline/sponza-showcase/assets/scripts/audio/audio.ts.
debug: Resolve file:///D:/Deferred_RenderPipeline/sponza-showcase/assets/scripts/collision-detection/emitter.ts from cce:/internal/x/prerequisite-imports as file:///D:/Deferred_RenderPipeline/sponza-showcase/assets/scripts/collision-detection/emitter.ts.
debug: Resolve file:///D:/Deferred_RenderPipeline/sponza-showcase/assets/scripts/collision-detection/engine-info.ts from cce:/internal/x/prerequisite-imports as file:///D:/Deferred_RenderPipeline/sponza-showcase/assets/scripts/collision-detection/engine-info.ts.
debug: Resolve file:///D:/Deferred_RenderPipeline/sponza-showcase/assets/scripts/custom-effect/tunnel.ts from cce:/internal/x/prerequisite-imports as file:///D:/Deferred_RenderPipeline/sponza-showcase/assets/scripts/custom-effect/tunnel.ts.
debug: Resolve file:///D:/Deferred_RenderPipeline/sponza-showcase/assets/scripts/first-person-camera.ts from cce:/internal/x/prerequisite-imports as file:///D:/Deferred_RenderPipeline/sponza-showcase/assets/scripts/first-person-camera.ts.
debug: Resolve file:///D:/Deferred_RenderPipeline/sponza-showcase/assets/scripts/jellyfish/jellyfish.ts from cce:/internal/x/prerequisite-imports as file:///D:/Deferred_RenderPipeline/sponza-showcase/assets/scripts/jellyfish/jellyfish.ts.
debug: Resolve file:///D:/Deferred_RenderPipeline/sponza-showcase/assets/scripts/jellyfish/spawn.ts from cce:/internal/x/prerequisite-imports as file:///D:/Deferred_RenderPipeline/sponza-showcase/assets/scripts/jellyfish/spawn.ts.
debug: Resolve file:///D:/Deferred_RenderPipeline/sponza-showcase/assets/scripts/pbr/geometries.ts from cce:/internal/x/prerequisite-imports as file:///D:/Deferred_RenderPipeline/sponza-showcase/assets/scripts/pbr/geometries.ts.
debug: Resolve file:///D:/Deferred_RenderPipeline/sponza-showcase/assets/scripts/physics-checker/PhysicsEnvCheck.ts from cce:/internal/x/prerequisite-imports as file:///D:/Deferred_RenderPipeline/sponza-showcase/assets/scripts/physics-checker/PhysicsEnvCheck.ts.
debug: Resolve file:///D:/Deferred_RenderPipeline/sponza-showcase/assets/scripts/physics/collider-manager.ts from cce:/internal/x/prerequisite-imports as file:///D:/Deferred_RenderPipeline/sponza-showcase/assets/scripts/physics/collider-manager.ts.
debug: Resolve file:///D:/Deferred_RenderPipeline/sponza-showcase/assets/scripts/physics/collider.ts from cce:/internal/x/prerequisite-imports as file:///D:/Deferred_RenderPipeline/sponza-showcase/assets/scripts/physics/collider.ts.
debug: Resolve file:///D:/Deferred_RenderPipeline/sponza-showcase/assets/scripts/physics/ground.ts from cce:/internal/x/prerequisite-imports as file:///D:/Deferred_RenderPipeline/sponza-showcase/assets/scripts/physics/ground.ts.
debug: Resolve file:///D:/Deferred_RenderPipeline/sponza-showcase/assets/scripts/skill-effect/BladeStorm.ts from cce:/internal/x/prerequisite-imports as file:///D:/Deferred_RenderPipeline/sponza-showcase/assets/scripts/skill-effect/BladeStorm.ts.
debug: Resolve file:///D:/Deferred_RenderPipeline/sponza-showcase/assets/scripts/skill-effect/healspell.ts from cce:/internal/x/prerequisite-imports as file:///D:/Deferred_RenderPipeline/sponza-showcase/assets/scripts/skill-effect/healspell.ts.
debug: Resolve file:///D:/Deferred_RenderPipeline/sponza-showcase/assets/scripts/skill-effect/self-destory.ts from cce:/internal/x/prerequisite-imports as file:///D:/Deferred_RenderPipeline/sponza-showcase/assets/scripts/skill-effect/self-destory.ts.
debug: Resolve file:///D:/Deferred_RenderPipeline/sponza-showcase/assets/scripts/skin/SSS.ts from cce:/internal/x/prerequisite-imports as file:///D:/Deferred_RenderPipeline/sponza-showcase/assets/scripts/skin/SSS.ts.
debug: Resolve file:///D:/Deferred_RenderPipeline/sponza-showcase/assets/scripts/skin/label-modifier.ts from cce:/internal/x/prerequisite-imports as file:///D:/Deferred_RenderPipeline/sponza-showcase/assets/scripts/skin/label-modifier.ts.
debug: Resolve file:///D:/Deferred_RenderPipeline/sponza-showcase/assets/scripts/skin/rotor.ts from cce:/internal/x/prerequisite-imports as file:///D:/Deferred_RenderPipeline/sponza-showcase/assets/scripts/skin/rotor.ts.
debug: Resolve file:///D:/Deferred_RenderPipeline/sponza-showcase/assets/scripts/tangent-visualizer.ts from cce:/internal/x/prerequisite-imports as file:///D:/Deferred_RenderPipeline/sponza-showcase/assets/scripts/tangent-visualizer.ts.
debug: Resolve file:///D:/Deferred_RenderPipeline/sponza-showcase/assets/scripts/testlist/backbutton.ts from cce:/internal/x/prerequisite-imports as file:///D:/Deferred_RenderPipeline/sponza-showcase/assets/scripts/testlist/backbutton.ts.
debug: Resolve file:///D:/Deferred_RenderPipeline/sponza-showcase/assets/scripts/testlist/listitem.ts from cce:/internal/x/prerequisite-imports as file:///D:/Deferred_RenderPipeline/sponza-showcase/assets/scripts/testlist/listitem.ts.
debug: Resolve file:///D:/Deferred_RenderPipeline/sponza-showcase/assets/scripts/testlist/scenelist.ts from cce:/internal/x/prerequisite-imports as file:///D:/Deferred_RenderPipeline/sponza-showcase/assets/scripts/testlist/scenelist.ts.
debug: Resolve file:///D:/Deferred_RenderPipeline/sponza-showcase/assets/scripts/unlit-quad.ts from cce:/internal/x/prerequisite-imports as file:///D:/Deferred_RenderPipeline/sponza-showcase/assets/scripts/unlit-quad.ts.
debug: Inspect file:///D:/Deferred_RenderPipeline/sponza-showcase/assets/migrate-canvas.ts
debug: Inspect file:///D:/Deferred_RenderPipeline/sponza-showcase/assets/prefabs/light-hint/light-hint.ts
debug: Inspect file:///D:/Deferred_RenderPipeline/sponza-showcase/assets/prefabs/pre-filter-envmap/pre-filter-envmap.ts
debug: Inspect file:///D:/Deferred_RenderPipeline/sponza-showcase/assets/scripts/ad-hoc/debug-info.ts
debug: Inspect file:///D:/Deferred_RenderPipeline/sponza-showcase/assets/scripts/ad-hoc/exposure.ts
debug: Inspect file:///D:/Deferred_RenderPipeline/sponza-showcase/assets/scripts/ad-hoc/instanced-skinning.ts
debug: Inspect file:///D:/Deferred_RenderPipeline/sponza-showcase/assets/scripts/ad-hoc/sponza.ts
debug: Inspect file:///D:/Deferred_RenderPipeline/sponza-showcase/assets/scripts/ad-hoc/toggler.ts
debug: Inspect file:///D:/Deferred_RenderPipeline/sponza-showcase/assets/scripts/audio/audio-controller.ts
debug: Inspect file:///D:/Deferred_RenderPipeline/sponza-showcase/assets/scripts/audio/audio.ts
debug: Inspect file:///D:/Deferred_RenderPipeline/sponza-showcase/assets/scripts/collision-detection/emitter.ts
debug: Inspect file:///D:/Deferred_RenderPipeline/sponza-showcase/assets/scripts/collision-detection/engine-info.ts
debug: Inspect file:///D:/Deferred_RenderPipeline/sponza-showcase/assets/scripts/custom-effect/tunnel.ts
debug: Inspect file:///D:/Deferred_RenderPipeline/sponza-showcase/assets/scripts/first-person-camera.ts
debug: Inspect file:///D:/Deferred_RenderPipeline/sponza-showcase/assets/scripts/jellyfish/jellyfish.ts
debug: Inspect file:///D:/Deferred_RenderPipeline/sponza-showcase/assets/scripts/jellyfish/spawn.ts
debug: Inspect file:///D:/Deferred_RenderPipeline/sponza-showcase/assets/scripts/pbr/geometries.ts
debug: Inspect file:///D:/Deferred_RenderPipeline/sponza-showcase/assets/scripts/physics-checker/PhysicsEnvCheck.ts
debug: Inspect file:///D:/Deferred_RenderPipeline/sponza-showcase/assets/scripts/physics/collider-manager.ts
debug: Inspect file:///D:/Deferred_RenderPipeline/sponza-showcase/assets/scripts/physics/collider.ts
debug: Inspect file:///D:/Deferred_RenderPipeline/sponza-showcase/assets/scripts/physics/ground.ts
debug: Inspect file:///D:/Deferred_RenderPipeline/sponza-showcase/assets/scripts/skill-effect/BladeStorm.ts
debug: Inspect file:///D:/Deferred_RenderPipeline/sponza-showcase/assets/scripts/skill-effect/healspell.ts
debug: Inspect file:///D:/Deferred_RenderPipeline/sponza-showcase/assets/scripts/skill-effect/self-destory.ts
debug: Inspect file:///D:/Deferred_RenderPipeline/sponza-showcase/assets/scripts/skin/SSS.ts
debug: Inspect file:///D:/Deferred_RenderPipeline/sponza-showcase/assets/scripts/skin/label-modifier.ts
debug: Inspect file:///D:/Deferred_RenderPipeline/sponza-showcase/assets/scripts/skin/rotor.ts
debug: Inspect file:///D:/Deferred_RenderPipeline/sponza-showcase/assets/scripts/tangent-visualizer.ts
debug: Inspect file:///D:/Deferred_RenderPipeline/sponza-showcase/assets/scripts/testlist/backbutton.ts
debug: Inspect file:///D:/Deferred_RenderPipeline/sponza-showcase/assets/scripts/testlist/listitem.ts
debug: Inspect file:///D:/Deferred_RenderPipeline/sponza-showcase/assets/scripts/testlist/scenelist.ts
debug: Inspect file:///D:/Deferred_RenderPipeline/sponza-showcase/assets/scripts/unlit-quad.ts
debug: Resolve cc/env from file:///D:/Deferred_RenderPipeline/sponza-showcase/assets/migrate-canvas.ts as external dependency cc/env.
debug: Resolve cc from file:///D:/Deferred_RenderPipeline/sponza-showcase/assets/migrate-canvas.ts as cce:/internal/x/cc.
debug: Resolve cc from file:///D:/Deferred_RenderPipeline/sponza-showcase/assets/migrate-canvas.ts as cce:/internal/x/cc.
debug: Resolve cc from file:///D:/Deferred_RenderPipeline/sponza-showcase/assets/prefabs/pre-filter-envmap/pre-filter-envmap.ts as cce:/internal/x/cc.
debug: Resolve cc from file:///D:/Deferred_RenderPipeline/sponza-showcase/assets/prefabs/pre-filter-envmap/pre-filter-envmap.ts as cce:/internal/x/cc.
debug: Resolve cc from file:///D:/Deferred_RenderPipeline/sponza-showcase/assets/prefabs/light-hint/light-hint.ts as cce:/internal/x/cc.
debug: Resolve cc from file:///D:/Deferred_RenderPipeline/sponza-showcase/assets/prefabs/light-hint/light-hint.ts as cce:/internal/x/cc.
debug: Resolve cc from file:///D:/Deferred_RenderPipeline/sponza-showcase/assets/scripts/ad-hoc/debug-info.ts as cce:/internal/x/cc.
debug: Resolve cc from file:///D:/Deferred_RenderPipeline/sponza-showcase/assets/scripts/ad-hoc/debug-info.ts as cce:/internal/x/cc.
debug: Resolve cc from file:///D:/Deferred_RenderPipeline/sponza-showcase/assets/scripts/ad-hoc/exposure.ts as cce:/internal/x/cc.
debug: Resolve cc from file:///D:/Deferred_RenderPipeline/sponza-showcase/assets/scripts/ad-hoc/exposure.ts as cce:/internal/x/cc.
debug: Resolve cc from file:///D:/Deferred_RenderPipeline/sponza-showcase/assets/scripts/ad-hoc/sponza.ts as cce:/internal/x/cc.
debug: Resolve cc from file:///D:/Deferred_RenderPipeline/sponza-showcase/assets/scripts/ad-hoc/sponza.ts as cce:/internal/x/cc.
debug: Resolve cce:/internal/code-quality/cr.mjs from file:///D:/Deferred_RenderPipeline/sponza-showcase/assets/scripts/ad-hoc/instanced-skinning.ts as cce:/internal/code-quality/cr.mjs.
debug: Resolve cc from file:///D:/Deferred_RenderPipeline/sponza-showcase/assets/scripts/ad-hoc/instanced-skinning.ts as cce:/internal/x/cc.
debug: Resolve cc from file:///D:/Deferred_RenderPipeline/sponza-showcase/assets/scripts/ad-hoc/instanced-skinning.ts as cce:/internal/x/cc.
debug: Resolve cc from file:///D:/Deferred_RenderPipeline/sponza-showcase/assets/scripts/ad-hoc/toggler.ts as cce:/internal/x/cc.
debug: Resolve cc from file:///D:/Deferred_RenderPipeline/sponza-showcase/assets/scripts/ad-hoc/toggler.ts as cce:/internal/x/cc.
debug: Resolve cc from file:///D:/Deferred_RenderPipeline/sponza-showcase/assets/scripts/audio/audio-controller.ts as cce:/internal/x/cc.
debug: Resolve cc from file:///D:/Deferred_RenderPipeline/sponza-showcase/assets/scripts/audio/audio-controller.ts as cce:/internal/x/cc.
debug: Resolve cc from file:///D:/Deferred_RenderPipeline/sponza-showcase/assets/scripts/audio/audio.ts as cce:/internal/x/cc.
debug: Resolve cc from file:///D:/Deferred_RenderPipeline/sponza-showcase/assets/scripts/audio/audio.ts as cce:/internal/x/cc.
debug: Resolve cc from file:///D:/Deferred_RenderPipeline/sponza-showcase/assets/scripts/collision-detection/emitter.ts as cce:/internal/x/cc.
debug: Resolve cc from file:///D:/Deferred_RenderPipeline/sponza-showcase/assets/scripts/collision-detection/emitter.ts as cce:/internal/x/cc.
debug: Resolve cc from file:///D:/Deferred_RenderPipeline/sponza-showcase/assets/scripts/collision-detection/engine-info.ts as cce:/internal/x/cc.
debug: Resolve cc from file:///D:/Deferred_RenderPipeline/sponza-showcase/assets/scripts/collision-detection/engine-info.ts as cce:/internal/x/cc.
debug: Resolve cc from file:///D:/Deferred_RenderPipeline/sponza-showcase/assets/scripts/custom-effect/tunnel.ts as cce:/internal/x/cc.
debug: Resolve cc from file:///D:/Deferred_RenderPipeline/sponza-showcase/assets/scripts/custom-effect/tunnel.ts as cce:/internal/x/cc.
debug: Resolve cc from file:///D:/Deferred_RenderPipeline/sponza-showcase/assets/scripts/first-person-camera.ts as cce:/internal/x/cc.
debug: Resolve cc from file:///D:/Deferred_RenderPipeline/sponza-showcase/assets/scripts/first-person-camera.ts as cce:/internal/x/cc.
debug: Resolve cc from file:///D:/Deferred_RenderPipeline/sponza-showcase/assets/scripts/jellyfish/jellyfish.ts as cce:/internal/x/cc.
debug: Resolve cc from file:///D:/Deferred_RenderPipeline/sponza-showcase/assets/scripts/jellyfish/jellyfish.ts as cce:/internal/x/cc.
debug: Resolve cce:/internal/code-quality/cr.mjs from file:///D:/Deferred_RenderPipeline/sponza-showcase/assets/scripts/jellyfish/spawn.ts as cce:/internal/code-quality/cr.mjs.
debug: Resolve cc from file:///D:/Deferred_RenderPipeline/sponza-showcase/assets/scripts/jellyfish/spawn.ts as cce:/internal/x/cc.
debug: Resolve cc from file:///D:/Deferred_RenderPipeline/sponza-showcase/assets/scripts/jellyfish/spawn.ts as cce:/internal/x/cc.
debug: Resolve cc from file:///D:/Deferred_RenderPipeline/sponza-showcase/assets/scripts/pbr/geometries.ts as cce:/internal/x/cc.
debug: Resolve cc from file:///D:/Deferred_RenderPipeline/sponza-showcase/assets/scripts/pbr/geometries.ts as cce:/internal/x/cc.
debug: Resolve cc from file:///D:/Deferred_RenderPipeline/sponza-showcase/assets/scripts/physics-checker/PhysicsEnvCheck.ts as cce:/internal/x/cc.
debug: Resolve cc from file:///D:/Deferred_RenderPipeline/sponza-showcase/assets/scripts/physics-checker/PhysicsEnvCheck.ts as cce:/internal/x/cc.
debug: Resolve cc from file:///D:/Deferred_RenderPipeline/sponza-showcase/assets/scripts/physics/collider-manager.ts as cce:/internal/x/cc.
debug: Resolve cc from file:///D:/Deferred_RenderPipeline/sponza-showcase/assets/scripts/physics/collider-manager.ts as cce:/internal/x/cc.
debug: Resolve cc from file:///D:/Deferred_RenderPipeline/sponza-showcase/assets/scripts/physics/collider-manager.ts as cce:/internal/x/cc.
debug: Resolve cc from file:///D:/Deferred_RenderPipeline/sponza-showcase/assets/scripts/physics/collider.ts as cce:/internal/x/cc.
debug: Resolve cc from file:///D:/Deferred_RenderPipeline/sponza-showcase/assets/scripts/physics/collider.ts as cce:/internal/x/cc.
debug: Resolve cc from file:///D:/Deferred_RenderPipeline/sponza-showcase/assets/scripts/physics/ground.ts as cce:/internal/x/cc.
debug: Resolve cc from file:///D:/Deferred_RenderPipeline/sponza-showcase/assets/scripts/physics/ground.ts as cce:/internal/x/cc.
debug: Resolve cc from file:///D:/Deferred_RenderPipeline/sponza-showcase/assets/scripts/skill-effect/BladeStorm.ts as cce:/internal/x/cc.
debug: Resolve cc from file:///D:/Deferred_RenderPipeline/sponza-showcase/assets/scripts/skill-effect/BladeStorm.ts as cce:/internal/x/cc.
debug: Resolve cc from file:///D:/Deferred_RenderPipeline/sponza-showcase/assets/scripts/skill-effect/healspell.ts as cce:/internal/x/cc.
debug: Resolve cc from file:///D:/Deferred_RenderPipeline/sponza-showcase/assets/scripts/skill-effect/healspell.ts as cce:/internal/x/cc.
debug: Resolve cc from file:///D:/Deferred_RenderPipeline/sponza-showcase/assets/scripts/skill-effect/self-destory.ts as cce:/internal/x/cc.
debug: Resolve cc from file:///D:/Deferred_RenderPipeline/sponza-showcase/assets/scripts/skill-effect/self-destory.ts as cce:/internal/x/cc.
debug: Resolve cc from file:///D:/Deferred_RenderPipeline/sponza-showcase/assets/scripts/skin/SSS.ts as cce:/internal/x/cc.
debug: Resolve cc from file:///D:/Deferred_RenderPipeline/sponza-showcase/assets/scripts/skin/SSS.ts as cce:/internal/x/cc.
debug: Resolve cc from file:///D:/Deferred_RenderPipeline/sponza-showcase/assets/scripts/skin/label-modifier.ts as cce:/internal/x/cc.
debug: Resolve cc from file:///D:/Deferred_RenderPipeline/sponza-showcase/assets/scripts/skin/label-modifier.ts as cce:/internal/x/cc.
debug: Resolve cc from file:///D:/Deferred_RenderPipeline/sponza-showcase/assets/scripts/skin/rotor.ts as cce:/internal/x/cc.
debug: Resolve cc from file:///D:/Deferred_RenderPipeline/sponza-showcase/assets/scripts/skin/rotor.ts as cce:/internal/x/cc.
debug: Resolve cc from file:///D:/Deferred_RenderPipeline/sponza-showcase/assets/scripts/tangent-visualizer.ts as cce:/internal/x/cc.
debug: Resolve cc from file:///D:/Deferred_RenderPipeline/sponza-showcase/assets/scripts/tangent-visualizer.ts as cce:/internal/x/cc.
debug: Resolve cce:/internal/code-quality/cr.mjs from file:///D:/Deferred_RenderPipeline/sponza-showcase/assets/scripts/testlist/backbutton.ts as cce:/internal/code-quality/cr.mjs.
debug: Resolve cc from file:///D:/Deferred_RenderPipeline/sponza-showcase/assets/scripts/testlist/backbutton.ts as cce:/internal/x/cc.
debug: Resolve cc from file:///D:/Deferred_RenderPipeline/sponza-showcase/assets/scripts/testlist/backbutton.ts as cce:/internal/x/cc.
debug: Resolve cce:/internal/code-quality/cr.mjs from file:///D:/Deferred_RenderPipeline/sponza-showcase/assets/scripts/testlist/listitem.ts as cce:/internal/code-quality/cr.mjs.
debug: Resolve cc from file:///D:/Deferred_RenderPipeline/sponza-showcase/assets/scripts/testlist/listitem.ts as cce:/internal/x/cc.
debug: Resolve cc from file:///D:/Deferred_RenderPipeline/sponza-showcase/assets/scripts/testlist/listitem.ts as cce:/internal/x/cc.
debug: Resolve cc from file:///D:/Deferred_RenderPipeline/sponza-showcase/assets/scripts/testlist/scenelist.ts as cce:/internal/x/cc.
debug: Resolve cc from file:///D:/Deferred_RenderPipeline/sponza-showcase/assets/scripts/testlist/scenelist.ts as cce:/internal/x/cc.
debug: Resolve cc from file:///D:/Deferred_RenderPipeline/sponza-showcase/assets/scripts/unlit-quad.ts as cce:/internal/x/cc.
debug: Resolve cc from file:///D:/Deferred_RenderPipeline/sponza-showcase/assets/scripts/unlit-quad.ts as cce:/internal/x/cc.
debug: Resolve ../unlit-quad from file:///D:/Deferred_RenderPipeline/sponza-showcase/assets/scripts/ad-hoc/instanced-skinning.ts as file:///D:/Deferred_RenderPipeline/sponza-showcase/assets/scripts/unlit-quad.ts.
debug: Resolve ./jellyfish from file:///D:/Deferred_RenderPipeline/sponza-showcase/assets/scripts/jellyfish/spawn.ts as file:///D:/Deferred_RenderPipeline/sponza-showcase/assets/scripts/jellyfish/jellyfish.ts.
debug: Resolve ./scenelist from file:///D:/Deferred_RenderPipeline/sponza-showcase/assets/scripts/testlist/backbutton.ts as file:///D:/Deferred_RenderPipeline/sponza-showcase/assets/scripts/testlist/scenelist.ts.
debug: Resolve ./backbutton from file:///D:/Deferred_RenderPipeline/sponza-showcase/assets/scripts/testlist/listitem.ts as file:///D:/Deferred_RenderPipeline/sponza-showcase/assets/scripts/testlist/backbutton.ts.
debug: Resolve ./scenelist from file:///D:/Deferred_RenderPipeline/sponza-showcase/assets/scripts/testlist/listitem.ts as file:///D:/Deferred_RenderPipeline/sponza-showcase/assets/scripts/testlist/scenelist.ts.
debug: Target(preview) ends with cost 1619.184300005436ms.
