2021-05-07 15:46:56 Version 31
2021-05-07 15:46:56 D:\editor-3d\tools\lightmap-tools/LightFX http://127.0.0.1:8000 
2021-05-07 15:46:56 Texture 'D:\example_case\example-3d\show-cases\assets\meshes\sponza\5061699253647017043.png' loaded
2021-05-07 15:46:56 Texture 'D:\example_case\example-3d\show-cases\assets\meshes\sponza\8006627369776289000.png' loaded
2021-05-07 15:46:56 Load Texture 'D:\example_case\example-3d\show-cases\assets\meshes\sponza\755318871556304029.jpg' failed
2021-05-07 15:46:56 Load Texture 'D:\example_case\example-3d\show-cases\assets\meshes\sponza\8750083169368950601.jpg' failed
2021-05-07 15:46:56 Load Texture 'D:\example_case\example-3d\show-cases\assets\meshes\sponza\6772804448157695701.jpg' failed
2021-05-07 15:46:56 Load Texture 'D:\example_case\example-3d\show-cases\assets\meshes\sponza\5792855332885324923.jpg' failed
2021-05-07 15:46:56 Load Texture 'D:\example_case\example-3d\show-cases\assets\meshes\sponza\14650633544276105767.jpg' failed
2021-05-07 15:46:56 Load Texture 'D:\example_case\example-3d\show-cases\assets\meshes\sponza\15295713303328085182.jpg' failed
2021-05-07 15:46:56 Load Texture 'D:\example_case\example-3d\show-cases\assets\meshes\sponza\6047387724914829168.jpg' failed
2021-05-07 15:46:56 Load Texture 'D:\example_case\example-3d\show-cases\assets\meshes\sponza\14650633544276105767.jpg' failed
2021-05-07 15:46:56 Load Texture 'D:\example_case\example-3d\show-cases\assets\meshes\sponza\5823059166183034438.jpg' failed
2021-05-07 15:46:56 Load Texture 'D:\example_case\example-3d\show-cases\assets\meshes\sponza\14650633544276105767.jpg' failed
2021-05-07 15:46:56 Load Texture 'D:\example_case\example-3d\show-cases\assets\meshes\sponza\7441062115984513793.jpg' failed
2021-05-07 15:46:56 Load Texture 'D:\example_case\example-3d\show-cases\assets\meshes\sponza\5792855332885324923.jpg' failed
2021-05-07 15:46:56 Load Texture 'D:\example_case\example-3d\show-cases\assets\meshes\sponza\5823059166183034438.jpg' failed
2021-05-07 15:46:56 Load Texture 'D:\example_case\example-3d\show-cases\assets\meshes\sponza\4975155472559461469.jpg' failed
2021-05-07 15:46:56 Load Texture 'D:\example_case\example-3d\show-cases\assets\meshes\sponza\5823059166183034438.jpg' failed
2021-05-07 15:46:56 Load Texture 'D:\example_case\example-3d\show-cases\assets\meshes\sponza\11490520546946913238.jpg' failed
2021-05-07 15:46:56 Load Texture 'D:\example_case\example-3d\show-cases\assets\meshes\sponza\5792855332885324923.jpg' failed
2021-05-07 15:46:56 Load Texture 'D:\example_case\example-3d\show-cases\assets\meshes\sponza\11490520546946913238.jpg' failed
2021-05-07 15:46:56 Load Texture 'D:\example_case\example-3d\show-cases\assets\meshes\sponza\7441062115984513793.jpg' failed
2021-05-07 15:46:56 Load Texture 'D:\example_case\example-3d\show-cases\assets\meshes\sponza\7441062115984513793.jpg' failed
2021-05-07 15:46:56 Load Texture 'D:\example_case\example-3d\show-cases\assets\meshes\sponza\6047387724914829168.jpg' failed
2021-05-07 15:46:56 Load Texture 'D:\example_case\example-3d\show-cases\assets\meshes\sponza\14650633544276105767.jpg' failed
2021-05-07 15:46:57 Load Texture 'D:\example_case\example-3d\show-cases\assets\meshes\sponza\14650633544276105767.jpg' failed
2021-05-07 15:46:57 Load Texture 'D:\example_case\example-3d\show-cases\assets\meshes\sponza\14650633544276105767.jpg' failed
2021-05-07 15:46:57 Load Texture 'D:\example_case\example-3d\show-cases\assets\meshes\sponza\6151467286084645207.jpg' failed
2021-05-07 15:46:57 Load Texture 'D:\example_case\example-3d\show-cases\assets\meshes\sponza\4975155472559461469.jpg' failed
2021-05-07 15:46:57 Load Texture 'D:\example_case\example-3d\show-cases\assets\meshes\sponza\4975155472559461469.jpg' failed
2021-05-07 15:46:57 Load Texture 'D:\example_case\example-3d\show-cases\assets\meshes\sponza\2185409758123873465.jpg' failed
2021-05-07 15:46:57 Load Texture 'D:\example_case\example-3d\show-cases\assets\meshes\sponza\2775690330959970771.jpg' failed
2021-05-07 15:46:57 Load Texture 'D:\example_case\example-3d\show-cases\assets\meshes\sponza\4675343432951571524.jpg' failed
2021-05-07 15:46:57 Load Texture 'D:\example_case\example-3d\show-cases\assets\meshes\sponza\2185409758123873465.jpg' failed
2021-05-07 15:46:57 Load Texture 'D:\example_case\example-3d\show-cases\assets\meshes\sponza\4675343432951571524.jpg' failed
2021-05-07 15:46:57 Load Texture 'D:\example_case\example-3d\show-cases\assets\meshes\sponza\2185409758123873465.jpg' failed
2021-05-07 15:46:57 Load Texture 'D:\example_case\example-3d\show-cases\assets\meshes\sponza\2775690330959970771.jpg' failed
2021-05-07 15:46:57 Load Texture 'D:\example_case\example-3d\show-cases\assets\meshes\sponza\4675343432951571524.jpg' failed
2021-05-07 15:46:57 Load Texture 'D:\example_case\example-3d\show-cases\assets\meshes\sponza\4975155472559461469.jpg' failed
2021-05-07 15:46:57 Load Texture 'D:\example_case\example-3d\show-cases\assets\meshes\sponza\4975155472559461469.jpg' failed
2021-05-07 15:46:57 Load Texture 'D:\example_case\example-3d\show-cases\assets\meshes\sponza\17876391417123941155.jpg' failed
2021-05-07 15:46:57 Load Texture 'D:\example_case\example-3d\show-cases\assets\meshes\sponza\9288698199695299068.jpg' failed
2021-05-07 15:46:57 Load Texture 'D:\example_case\example-3d\show-cases\assets\meshes\sponza\11474523244911310074.jpg' failed
2021-05-07 15:46:57 Load Texture 'D:\example_case\example-3d\show-cases\assets\meshes\sponza\9288698199695299068.jpg' failed
2021-05-07 15:46:57 Load Texture 'D:\example_case\example-3d\show-cases\assets\meshes\sponza\11474523244911310074.jpg' failed
2021-05-07 15:46:57 Load Texture 'D:\example_case\example-3d\show-cases\assets\meshes\sponza\9288698199695299068.jpg' failed
2021-05-07 15:46:57 Load Texture 'D:\example_case\example-3d\show-cases\assets\meshes\sponza\11474523244911310074.jpg' failed
2021-05-07 15:46:57 Load Texture 'D:\example_case\example-3d\show-cases\assets\meshes\sponza\17876391417123941155.jpg' failed
2021-05-07 15:46:57 Load Texture 'D:\example_case\example-3d\show-cases\assets\meshes\sponza\9288698199695299068.jpg' failed
2021-05-07 15:46:57 Load Texture 'D:\example_case\example-3d\show-cases\assets\meshes\sponza\11474523244911310074.jpg' failed
2021-05-07 15:46:57 Texture 'D:\example_case\example-3d\show-cases\assets\meshes\sponza\16275776544635328252.png' loaded
2021-05-07 15:46:57 Load Texture 'D:\example_case\example-3d\show-cases\assets\meshes\sponza\755318871556304029.jpg' failed
2021-05-07 15:46:57 Load Texture 'D:\example_case\example-3d\show-cases\assets\meshes\sponza\755318871556304029.jpg' failed
2021-05-07 15:46:57 Load Texture 'D:\example_case\example-3d\show-cases\assets\meshes\sponza\755318871556304029.jpg' failed
2021-05-07 15:46:57 Load Texture 'D:\example_case\example-3d\show-cases\assets\meshes\sponza\755318871556304029.jpg' failed
2021-05-07 15:46:57 Load Texture 'D:\example_case\example-3d\show-cases\assets\meshes\sponza\755318871556304029.jpg' failed
2021-05-07 15:46:57 Load Texture 'D:\example_case\example-3d\show-cases\assets\meshes\sponza\755318871556304029.jpg' failed
2021-05-07 15:46:57 Load Texture 'D:\example_case\example-3d\show-cases\assets\meshes\sponza\755318871556304029.jpg' failed
2021-05-07 15:46:57 Load Texture 'D:\example_case\example-3d\show-cases\assets\meshes\sponza\755318871556304029.jpg' failed
2021-05-07 15:46:57 Load Texture 'D:\example_case\example-3d\show-cases\assets\meshes\sponza\755318871556304029.jpg' failed
2021-05-07 15:46:57 Load Texture 'D:\example_case\example-3d\show-cases\assets\meshes\sponza\8481240838833932244.jpg' failed
2021-05-07 15:46:57 Load Texture 'D:\example_case\example-3d\show-cases\assets\meshes\sponza\5792855332885324923.jpg' failed
2021-05-07 15:46:57 Load Texture 'D:\example_case\example-3d\show-cases\assets\meshes\sponza\2969916736137545357.jpg' failed
2021-05-07 15:46:57 -:Building meshes
2021-05-07 15:46:57 -:Building terrain
2021-05-07 15:46:57 -:Building bv scene
2021-05-07 15:46:57 Start 0

2021-05-07 15:46:57 Build lighting 1

2021-05-07 15:46:59 Build lighting 3

2021-05-07 15:52:23 Build lighting 4

